<?xml version="1.0" encoding="UTF-8"?>
<!-- Generated by org.testng.reporters.JUnitXMLReporter -->
<testsuite ignored="0" hostname="SNEHA" failures="0" tests="3" name="firefoxBrowserTest" time="21.543" errors="0" timestamp="2023-03-06T10:03:24 IST">
  <testcase classname="TestNGPractice.TestBaceClass" name="@AfterMethod LogOutFunctionality" time="0.036">
    <failure type="org.openqa.selenium.ElementClickInterceptedException" message="Element &amp;lt;button id=&amp;quot;react-burger-menu-btn&amp;quot;&amp;gt; is not clickable at point (30,30) because another element &amp;lt;div class=&amp;quot;bm-menu&amp;quot;&amp;gt; obscures it
Build info: version: &amp;apos;4.3.0&amp;apos;, revision: &amp;apos;a4995e2c09*&amp;apos;
System info: host: &amp;apos;SNEHA&amp;apos;, ip: &amp;apos;192.168.0.4&amp;apos;, os.name: &amp;apos;Windows 8.1&amp;apos;, os.arch: &amp;apos;amd64&amp;apos;, os.version: &amp;apos;6.3&amp;apos;, java.version: &amp;apos;17.0.3&amp;apos;
Driver info: org.openqa.selenium.firefox.FirefoxDriver
Command: [a40557e3-71f5-4691-b916-600238c7cfce, clickElement {id=67612456-f1e9-40e8-bcd0-2011c809ea1a}]
Capabilities {acceptInsecureCerts: true, browserName: firefox, browserVersion: 110.0.1, moz:accessibilityChecks: false, moz:buildID: 20230227191043, moz:debuggerAddress: 127.0.0.1:56968, moz:geckodriverVersion: 0.32.2, moz:headless: false, moz:platformVersion: 6.3, moz:processID: 6316, moz:profile: C:\Users\S\AppData\Local\Te..., moz:shutdownTimeout: 60000, moz:useNonSpecCompliantPointerOrigin: false, moz:webdriverClick: true, moz:windowless: false, pageLoadStrategy: normal, platformName: WINDOWS, proxy: Proxy(), se:cdp: ws://127.0.0.1:56968/devtoo..., se:cdpVersion: 85.0, setWindowRect: true, strictFileInteractability: false, timeouts: {implicit: 0, pageLoad: 300000, script: 30000}, unhandledPromptBehavior: dismiss and notify}
Element: [[FirefoxDriver: firefox on WINDOWS (a40557e3-71f5-4691-b916-600238c7cfce)] -&amp;gt; xpath: //button[@id=&amp;apos;react-burger-menu-btn&amp;apos;]]
Session ID: a40557e3-71f5-4691-b916-600238c7cfce">
      <![CDATA[org.openqa.selenium.ElementClickInterceptedException: Element <button id="react-burger-menu-btn"> is not clickable at point (30,30) because another element <div class="bm-menu"> obscures it
Build info: version: '4.3.0', revision: 'a4995e2c09*'
System info: host: 'SNEHA', ip: '192.168.0.4', os.name: 'Windows 8.1', os.arch: 'amd64', os.version: '6.3', java.version: '17.0.3'
Driver info: org.openqa.selenium.firefox.FirefoxDriver
Command: [a40557e3-71f5-4691-b916-600238c7cfce, clickElement {id=67612456-f1e9-40e8-bcd0-2011c809ea1a}]
Capabilities {acceptInsecureCerts: true, browserName: firefox, browserVersion: 110.0.1, moz:accessibilityChecks: false, moz:buildID: 20230227191043, moz:debuggerAddress: 127.0.0.1:56968, moz:geckodriverVersion: 0.32.2, moz:headless: false, moz:platformVersion: 6.3, moz:processID: 6316, moz:profile: C:\Users\S\AppData\Local\Te..., moz:shutdownTimeout: 60000, moz:useNonSpecCompliantPointerOrigin: false, moz:webdriverClick: true, moz:windowless: false, pageLoadStrategy: normal, platformName: WINDOWS, proxy: Proxy(), se:cdp: ws://127.0.0.1:56968/devtoo..., se:cdpVersion: 85.0, setWindowRect: true, strictFileInteractability: false, timeouts: {implicit: 0, pageLoad: 300000, script: 30000}, unhandledPromptBehavior: dismiss and notify}
Element: [[FirefoxDriver: firefox on WINDOWS (a40557e3-71f5-4691-b916-600238c7cfce)] -> xpath: //button[@id='react-burger-menu-btn']]
Session ID: a40557e3-71f5-4691-b916-600238c7cfce
at org.openqa.selenium.remote.codec.w3c.W3CHttpResponseCodec.createException(W3CHttpResponseCodec.java:200)
at org.openqa.selenium.remote.codec.w3c.W3CHttpResponseCodec.decode(W3CHttpResponseCodec.java:133)
at org.openqa.selenium.remote.codec.w3c.W3CHttpResponseCodec.decode(W3CHttpResponseCodec.java:53)
at org.openqa.selenium.remote.HttpCommandExecutor.execute(HttpCommandExecutor.java:184)
at org.openqa.selenium.remote.service.DriverCommandExecutor.invokeExecute(DriverCommandExecutor.java:167)
at org.openqa.selenium.remote.service.DriverCommandExecutor.execute(DriverCommandExecutor.java:142)
at org.openqa.selenium.remote.RemoteWebDriver.execute(RemoteWebDriver.java:569)
at org.openqa.selenium.remote.RemoteWebElement.execute(RemoteWebElement.java:257)
at org.openqa.selenium.remote.RemoteWebElement.click(RemoteWebElement.java:78)
at org.openqa.selenium.support.pagefactory.internal.LocatingElementHandler.invoke(LocatingElementHandler.java:52)
at jdk.proxy2/jdk.proxy2.$Proxy20.click(Unknown Source)
at POMPacksouceDemo.LogOutFuncinality.MenuButton(LogOutFuncinality.java:16)
at TestNGPractice.TestBaceClass.LogOutFunctionality(TestBaceClass.java:86)
at java.base/java.util.ArrayList.forEach(ArrayList.java:1511)
... Removed 40 stack frames]]>
    </failure>
  </testcase> <!-- @AfterMethod LogOutFunctionality -->
  <testcase classname="TestNGPractice.TestBaceClass" name="@AfterClass CloseBrowser" time="-1.67807718927E9">
    <skipped/>
  </testcase> <!-- @AfterClass CloseBrowser -->
  <testcase classname="TestNGPractice.TC01VerifyHomePage" name="VerifyHomePage" time="1.751"/>
  <testcase classname="TestNGPractice.TC02VerifyCartPage" name="CartPage" time="1.66"/>
  <testcase classname="TestNGPractice.TC03VerifyBuyPage" name="VerifyPage" time="1.732"/>
</testsuite> <!-- firefoxBrowserTest -->
