<?xml version="1.0" encoding="UTF-8"?>
<!-- Generated by org.testng.reporters.JUnitXMLReporter -->
<testsuite ignored="0" hostname="SNEHA" failures="0" tests="3" name="Test" time="12.507" errors="0" timestamp="2023-03-03T17:44:50 IST">
  <testcase classname="TestNGPractice.TC01VerifyHomePage" name="VerifyHomePage" time="0.541"/>
  <testcase classname="TestNGPractice.TC02VerifyCartPage" name="CartPage" time="0.426"/>
  <testcase classname="TestNGPractice.TC03VerifyBuyPage" name="VerifyPage" time="0.639"/>
</testsuite> <!-- Test -->
